[INFO]  Starting surface-lab
[INFO]  Running mission...
[ OK ]  Mission completed successfully.
[INFO]  Starting surface-lab
[INFO]  Running mission...
[ OK ]  Mission completed successfully.
[INFO]  Starting surface-lab
[INFO]  Running mission...
[ OK ]  Mission completed successfully.
[INFO]  Starting surface-lab
[INFO]  Running mission...
[ OK ]  Mission completed successfully.
[INFO]  Starting surface-lab
[INFO]  Running mission...
[ OK ]  Mission completed successfully.
[INFO]  Starting surface-lab
[INFO]  Running mission...
[ OK ]  Mission completed successfully.
[INFO]  🧠 Mission: Learn 3 useful apt commands
[WARN]  📌 Tip: Use 'history | grep apt' to find your previous apt commands
[ OK ]  ✅ Mission ready — now go try those in your terminal!
[INFO]  Starting surface-lab
[INFO]  Running mission...
[ OK ]  Mission completed successfully.
[INFO]  Starting surface-lab
[INFO]  Running mission...
[ OK ]  Mission completed successfully.
[INFO]  Starting surface-lab
[INFO]  Running mission...
[ OK ]  Mission completed successfully.
[INFO]  🧠 Mission: Learn 3 useful apt commands
[WARN]  📌 Tip: Use 'history | grep apt' to find your previous apt commands
[ OK ]  ✅ Mission ready — now go try those in your terminal!
